<?xml version="1.0" encoding="UTF-8"?>
<!-- Generated by org.testng.reporters.JUnitXMLReporter -->
<testsuite ignored="0" hostname="LAPTOP-QATENE4T" failures="0" tests="3" name="Test" time="92.623" errors="0" timestamp="2023-08-04T20:20:40 IST">
  <testcase classname="ecommerceproject.Flipkart" name="flipkartTest" time="33.036"/>
  <testcase classname="ecommerceproject.Ajio" name="ajioTest" time="31.168"/>
  <testcase classname="ecommerceproject.Amazon" name="amazonTest" time="28.382"/>
</testsuite> <!-- Test -->
