<?xml version="1.0" encoding="UTF-8"?>
<testng-results ignored="0" total="3" passed="3" failed="0" skipped="0">
  <reporter-output>
    <line>
      <![CDATA[opening flipkart]]>
    </line>
    <line>
      <![CDATA[opening ajio]]>
    </line>
    <line>
      <![CDATA[opening amazon]]>
    </line>
  </reporter-output>
  <suite started-at="2023-08-04T20:19:08 IST" name="Suite" finished-at="2023-08-04T20:20:40 IST" duration-ms="92623">
    <groups>
    </groups>
    <test started-at="2023-08-04T20:19:08 IST" name="Test" finished-at="2023-08-04T20:20:40 IST" duration-ms="92623">
      <class name="ecommerceproject.Flipkart">
        <test-method signature="flipkartTest()[pri:0, instance:ecommerceproject.Flipkart@3c407114]" started-at="2023-08-04T20:19:08 IST" name="flipkartTest" finished-at="2023-08-04T20:19:41 IST" duration-ms="33036" status="PASS">
          <reporter-output>
            <line>
              <![CDATA[opening flipkart]]>
            </line>
          </reporter-output>
        </test-method> <!-- flipkartTest -->
      </class> <!-- ecommerceproject.Flipkart -->
      <class name="ecommerceproject.Ajio">
        <test-method signature="ajioTest()[pri:0, instance:ecommerceproject.Ajio@291ae]" started-at="2023-08-04T20:19:41 IST" name="ajioTest" finished-at="2023-08-04T20:20:12 IST" duration-ms="31168" status="PASS">
          <reporter-output>
            <line>
              <![CDATA[opening ajio]]>
            </line>
          </reporter-output>
        </test-method> <!-- ajioTest -->
      </class> <!-- ecommerceproject.Ajio -->
      <class name="ecommerceproject.Amazon">
        <test-method signature="amazonTest()[pri:0, instance:ecommerceproject.Amazon@61df66b6]" started-at="2023-08-04T20:20:12 IST" name="amazonTest" finished-at="2023-08-04T20:20:40 IST" duration-ms="28382" status="PASS">
          <reporter-output>
            <line>
              <![CDATA[opening amazon]]>
            </line>
          </reporter-output>
        </test-method> <!-- amazonTest -->
      </class> <!-- ecommerceproject.Amazon -->
    </test> <!-- Test -->
  </suite> <!-- Suite -->
</testng-results>
